<?xml version="1.0" encoding="UTF-8"?>
<!-- Generated by org.testng.reporters.JUnitReportReporter -->
<testsuite hostname="ujjwaljain07" failures="0" tests="2" name="testCases.TestCases" time="16.512" errors="0" timestamp="2022-10-19T15:17:21 IST" skipped="0">
  <testcase classname="testCases.TestCases" name="BankWebSiteNavigation" time="9.002"/>
  <system-out/>
  <testcase classname="testCases.TestCases" name="ForgetInfoPage" time="7.510"/>
  <system-out/>
</testsuite> <!-- testCases.TestCases -->
